<?xml version="1.0" encoding="UTF-8"?>
<testng-results ignored="0" total="1" passed="1" failed="0" skipped="0">
  <reporter-output>
  </reporter-output>
  <suite started-at="2025-05-28T13:49:37 IST" name="Suite" finished-at="2025-05-28T13:49:37 IST" duration-ms="148">
    <groups>
    </groups>
    <test started-at="2025-05-28T13:49:37 IST" name="Test" finished-at="2025-05-28T13:49:37 IST" duration-ms="148">
      <class name="BasicSript.TeseCaseExecution">
        <test-method signature="TestCase()[pri:0, instance:BasicSript.TeseCaseExecution@682b2fa]" started-at="2025-05-28T13:49:37 IST" name="TestCase" finished-at="2025-05-28T13:49:37 IST" duration-ms="25" status="PASS">
          <reporter-output>
          </reporter-output>
        </test-method> <!-- TestCase -->
      </class> <!-- BasicSript.TeseCaseExecution -->
    </test> <!-- Test -->
  </suite> <!-- Suite -->
</testng-results>
